31 messages loaded from file messagesTCH.txt
11 messages loaded from file messagesSTD.txt
0 Asserts Loaded
[0] STARTING simulation
[0] User program list:
	Program [programWhichDoesNotExist] with arrival time [0]
	Program [programWithoutSizeAndPrio] with arrival time [0]
	Program [programTooBig] with arrival time [0]
	Program [programWithTooManyInstructions] with arrival time [0]
	Program [programWithSubroutine] with arrival time [0]
	[0] Process [0] created from program [SystemIdleProcess]
ERROR: Program [programWhichDoesNotExist] is not valid [--- it does not exist ---]
ERROR: Program [programWithoutSizeAndPrio] is not valid [--- invalid priority or size ---]
ERROR: Program [programTooBig] is too big
ERROR: Program [programWithTooManyInstructions] is too big
	[0] Process [1] created from program [programWithSubroutine]
[1] {0D 000 000} IRET 0 0 (PID: 1, PC: 0, Accumulator: 0, PSW: 0002 [--------------Z-])
[2] {01 004 000} ADD 4 0 (PID: 1, PC: 1, Accumulator: 4, PSW: 0000 [----------------])
[3] {10 007 000} CALL 7 0 (PID: 1, PC: 8, Accumulator: 4, PSW: 0000 [----------------])
[4] {08 014 000} WRITE 20 0 (PID: 1, PC: 9, Accumulator: 4, PSW: 0000 [----------------])
[5] {11 802 014} MEMADD -2 20 (PID: 1, PC: 10, Accumulator: 2, PSW: 0000 [----------------])
[6] {0F 000 000} RET 0 0 (PID: 1, PC: 2, Accumulator: 2, PSW: 0000 [----------------])
[7] {07 002 000} ZJUMP 2 0 (PID: 1, PC: 3, Accumulator: 2, PSW: 0000 [----------------])
[8] {06 802 000} JUMP -2 0 (PID: 1, PC: 1, Accumulator: 2, PSW: 0000 [----------------])
[9] {10 007 000} CALL 7 0 (PID: 1, PC: 8, Accumulator: 2, PSW: 0000 [----------------])
[10] {08 014 000} WRITE 20 0 (PID: 1, PC: 9, Accumulator: 2, PSW: 0000 [----------------])
[11] {11 802 014} MEMADD -2 20 (PID: 1, PC: 10, Accumulator: 0, PSW: 0002 [--------------Z-])
[12] {0F 000 000} RET 0 0 (PID: 1, PC: 2, Accumulator: 0, PSW: 0002 [--------------Z-])
[13] {07 002 000} ZJUMP 2 0 (PID: 1, PC: 4, Accumulator: 0, PSW: 0002 [--------------Z-])
[14] {04 003 000} TRAP 3 0 (PID: 1, PC: 5, Accumulator: 0, PSW: 0002 [--------------Z-])
[15] {0C 002 000} OS 2 0 (PID: 1, PC: 242, Accumulator: 0, PSW: 0082 [--------X-----Z-])
	[16] Process [1 - programWithSubroutine] has requested to terminate
[16] The SystemIdleProcess is ready to shut down the simulator when dispatched...
[17] {0D 000 000} IRET 0 0 (PID: 0, PC: 3, Accumulator: 0, PSW: 0082 [--------X-----Z-])
[18] {04 003 000} TRAP 3 0 (PID: 0, PC: 4, Accumulator: 0, PSW: 0082 [--------X-----Z-])
[19] {0C 002 000} OS 2 0 (PID: 0, PC: 242, Accumulator: 0, PSW: 0082 [--------X-----Z-])
	[20] Process [0 - SystemIdleProcess] has requested to terminate
[20] The system will shut down now...
[21] {0D 000 000} IRET 0 0 (PID: -1, PC: 241, Accumulator: 0, PSW: 0082 [--------X-----Z-])
[22] {0B 000 000} HALT 0 0 (PID: -1, PC: 241, Accumulator: 0, PSW: 0083 [--------X-----ZS])
[22] END of the simulation
